#
# A fatal error has been detected by the Java Runtime Environment:
#
#  Internal Error (javaClasses.cpp:129), pid=6670, tid=140370857588480
#  fatal error: Invalid layout of preloaded class
#
# JRE version: 7.0_21-b02
# Java VM: OpenJDK 64-Bit Server VM (23.7-b01 mixed mode linux-amd64 compressed oops)
# Failed to write core dump. Core dumps have been disabled. To enable core dumping, try "ulimit -c unlimited" before starting Java again
#
# If you would like to submit a bug report, please include
# instructions on how to reproduce the bug and visit:
#   https://bugs.launchpad.net/ubuntu/+source/openjdk-7/
#

---------------  T H R E A D  ---------------

Current thread (0x00007faa9c009000):  JavaThread "Unknown thread" [_thread_in_vm, id=6675, stack(0x00007faaa30a7000,0x00007faaa31a8000)]

Stack: [0x00007faaa30a7000,0x00007faaa31a8000],  sp=0x00007faaa31a69e0,  free space=1022k
Native frames: (J=compiled Java code, j=interpreted, Vv=VM code, C=native code)
V  [libjvm.so+0x8569cb]  VMError::report_and_die()+0x16b
V  [libjvm.so+0x3ee327]  report_fatal(char const*, int, char const*)+0x57
V  [libjvm.so+0x52acba]  compute_offset(int&, klassOopDesc*, Symbol*, Symbol*, bool) [clone .constprop.122]+0x11a
V  [libjvm.so+0x52adc6]  java_lang_String::compute_offsets()+0x36
V  [libjvm.so+0x7e354d]  SystemDictionary::initialize_preloaded_classes(Thread*)+0x3d
V  [libjvm.so+0x8304a8]  Universe::genesis(Thread*)+0x468
V  [libjvm.so+0x83095f]  universe2_init()+0x1f
V  [libjvm.so+0x4df59a]  init_globals()+0x9a
V  [libjvm.so+0x813ecc]  Threads::create_vm(JavaVMInitArgs*, bool*)+0x39c
V  [libjvm.so+0x547948]  JNI_CreateJavaVM+0x58
C  [libjli.so+0x2b24]  __strcat_chk+0x2b24


---------------  P R O C E S S  ---------------

Java Threads: ( => current thread )

Other Threads:

=>0x00007faa9c009000 (exited) JavaThread "Unknown thread" [_thread_in_vm, id=6675, stack(0x00007faaa30a7000,0x00007faaa31a8000)]

VM state:not at safepoint (not fully initialized)

VM Mutex/Monitor currently owned by a thread: None

GC Heap History (0 events):
No events

Deoptimization events (0 events):
No events

Internal exceptions (0 events):
No events

Events (10 events):
Event: 0.012 loading class 0x00007faa9c032510 done
Event: 0.012 loading class 0x00007faa9c031db0 done
Event: 0.012 loading class 0x00007faa9c031d80
Event: 0.013 loading class 0x00007faa9c05cf70
Event: 0.013 loading class 0x00007faa9c05cf70 done
Event: 0.013 loading class 0x00007faa9c05cfb0
Event: 0.013 loading class 0x00007faa9c05cfb0 done
Event: 0.013 loading class 0x00007faa9c05cff0
Event: 0.013 loading class 0x00007faa9c05cff0 done
Event: 0.013 loading class 0x00007faa9c031d80 done


Dynamic libraries:
00400000-00401000 r-xp 00000000 08:05 661147                             /usr/lib/jvm/java-7-openjdk-amd64/jre/bin/java
00600000-00601000 r--p 00000000 08:05 661147                             /usr/lib/jvm/java-7-openjdk-amd64/jre/bin/java
00601000-00602000 rw-p 00001000 08:05 661147                             /usr/lib/jvm/java-7-openjdk-amd64/jre/bin/java
00c6f000-00c90000 rw-p 00000000 00:00 0                                  [heap]
77d800000-77ecc0000 rw-p 00000000 00:00 0 
77ecc0000-787e00000 rw-p 00000000 00:00 0 
787e00000-78ce20000 rw-p 00000000 00:00 0 
78ce20000-7d7f60000 rw-p 00000000 00:00 0 
7d7f60000-7da760000 rw-p 00000000 00:00 0 
7da760000-800000000 rw-p 00000000 00:00 0 
7faa53ec0000-7faa58000000 rw-p 00000000 00:00 0 
7faa58000000-7faa58021000 rw-p 00000000 00:00 0 
7faa58021000-7faa5c000000 ---p 00000000 00:00 0 
7faa60000000-7faa60021000 rw-p 00000000 00:00 0 
7faa60021000-7faa64000000 ---p 00000000 00:00 0 
7faa68000000-7faa68021000 rw-p 00000000 00:00 0 
7faa68021000-7faa6c000000 ---p 00000000 00:00 0 
7faa70000000-7faa70021000 rw-p 00000000 00:00 0 
7faa70021000-7faa74000000 ---p 00000000 00:00 0 
7faa78000000-7faa78021000 rw-p 00000000 00:00 0 
7faa78021000-7faa7c000000 ---p 00000000 00:00 0 
7faa80000000-7faa80021000 rw-p 00000000 00:00 0 
7faa80021000-7faa84000000 ---p 00000000 00:00 0 
7faa88000000-7faa88021000 rw-p 00000000 00:00 0 
7faa88021000-7faa8c000000 ---p 00000000 00:00 0 
7faa90000000-7faa90021000 rw-p 00000000 00:00 0 
7faa90021000-7faa94000000 ---p 00000000 00:00 0 
7faa96bad000-7faa96df0000 rw-p 00000000 00:00 0 
7faa96df0000-7faa96eb6000 r--s 0116f000 08:05 149817                     /home/ponken/Work/eclipse_adt/sdk/platforms/android-17/android.jar
7faa96eb6000-7faa97f06000 rw-p 00000000 00:00 0 
7faa97f06000-7faa97f07000 ---p 00000000 00:00 0 
7faa97f07000-7faa98007000 rw-p 00000000 00:00 0                          [stack:6683]
7faa98007000-7faa98008000 ---p 00000000 00:00 0 
7faa98008000-7faa98108000 rw-p 00000000 00:00 0                          [stack:6682]
7faa98108000-7faa98109000 ---p 00000000 00:00 0 
7faa98109000-7faa98209000 rw-p 00000000 00:00 0                          [stack:6681]
7faa98209000-7faa9820a000 ---p 00000000 00:00 0 
7faa9820a000-7faa9830a000 rw-p 00000000 00:00 0                          [stack:6680]
7faa9830a000-7faa9830b000 ---p 00000000 00:00 0 
7faa9830b000-7faa9840b000 rw-p 00000000 00:00 0                          [stack:6679]
7faa9840b000-7faa9840c000 ---p 00000000 00:00 0 
7faa9840c000-7faa9850c000 rw-p 00000000 00:00 0                          [stack:6678]
7faa9850c000-7faa9850d000 ---p 00000000 00:00 0 
7faa9850d000-7faa9860d000 rw-p 00000000 00:00 0                          [stack:6677]
7faa9860d000-7faa9860e000 ---p 00000000 00:00 0 
7faa9860e000-7faa98719000 rw-p 00000000 00:00 0                          [stack:6676]
7faa98719000-7faa98761000 rw-p 00000000 00:00 0 
7faa98761000-7faa9878a000 rw-p 00000000 00:00 0 
7faa9878a000-7faa989e2000 rw-p 00000000 00:00 0 
7faa989e2000-7faa989ed000 rw-p 00000000 00:00 0 
7faa989ed000-7faa98a35000 rw-p 00000000 00:00 0 
7faa98a35000-7faa98a5e000 rw-p 00000000 00:00 0 
7faa98a5e000-7faa98cb5000 rw-p 00000000 00:00 0 
7faa98cb5000-7faa98cca000 rw-p 00000000 00:00 0 
7faa98cca000-7faa98df6000 rw-p 00000000 00:00 0 
7faa98df6000-7faa98df7000 rw-p 00000000 00:00 0 
7faa98df7000-7faa99067000 rwxp 00000000 00:00 0 
7faa99067000-7faa9bdf7000 rw-p 00000000 00:00 0 
7faa9bdf7000-7faa9bdff000 r-xp 00000000 08:05 661146                     /usr/lib/jvm/java-7-openjdk-amd64/jre/lib/amd64/libzip.so
7faa9bdff000-7faa9bffe000 ---p 00008000 08:05 661146                     /usr/lib/jvm/java-7-openjdk-amd64/jre/lib/amd64/libzip.so
7faa9bffe000-7faa9bfff000 r--p 00007000 08:05 661146                     /usr/lib/jvm/java-7-openjdk-amd64/jre/lib/amd64/libzip.so
7faa9bfff000-7faa9c000000 rw-p 00008000 08:05 661146                     /usr/lib/jvm/java-7-openjdk-amd64/jre/lib/amd64/libzip.so
7faa9c000000-7faa9c067000 rw-p 00000000 00:00 0 
7faa9c067000-7faaa0000000 ---p 00000000 00:00 0 
7faaa0009000-7faaa0015000 r-xp 00000000 08:05 1194779                    /lib/x86_64-linux-gnu/libnss_files-2.15.so
7faaa0015000-7faaa0214000 ---p 0000c000 08:05 1194779                    /lib/x86_64-linux-gnu/libnss_files-2.15.so
7faaa0214000-7faaa0215000 r--p 0000b000 08:05 1194779                    /lib/x86_64-linux-gnu/libnss_files-2.15.so
7faaa0215000-7faaa0216000 rw-p 0000c000 08:05 1194779                    /lib/x86_64-linux-gnu/libnss_files-2.15.so
7faaa0216000-7faaa0220000 r-xp 00000000 08:05 1194148                    /lib/x86_64-linux-gnu/libnss_nis-2.15.so
7faaa0220000-7faaa0420000 ---p 0000a000 08:05 1194148                    /lib/x86_64-linux-gnu/libnss_nis-2.15.so
7faaa0420000-7faaa0421000 r--p 0000a000 08:05 1194148                    /lib/x86_64-linux-gnu/libnss_nis-2.15.so
7faaa0421000-7faaa0422000 rw-p 0000b000 08:05 1194148                    /lib/x86_64-linux-gnu/libnss_nis-2.15.so
7faaa0422000-7faaa0439000 r-xp 00000000 08:05 1199715                    /lib/x86_64-linux-gnu/libnsl-2.15.so
7faaa0439000-7faaa0638000 ---p 00017000 08:05 1199715                    /lib/x86_64-linux-gnu/libnsl-2.15.so
7faaa0638000-7faaa0639000 r--p 00016000 08:05 1199715                    /lib/x86_64-linux-gnu/libnsl-2.15.so
7faaa0639000-7faaa063a000 rw-p 00017000 08:05 1199715                    /lib/x86_64-linux-gnu/libnsl-2.15.so
7faaa063a000-7faaa063c000 rw-p 00000000 00:00 0 
7faaa063c000-7faaa0644000 r-xp 00000000 08:05 1205190                    /lib/x86_64-linux-gnu/libnss_compat-2.15.so
7faaa0644000-7faaa0843000 ---p 00008000 08:05 1205190                    /lib/x86_64-linux-gnu/libnss_compat-2.15.so
7faaa0843000-7faaa0844000 r--p 00007000 08:05 1205190                    /lib/x86_64-linux-gnu/libnss_compat-2.15.so
7faaa0844000-7faaa0845000 rw-p 00008000 08:05 1205190                    /lib/x86_64-linux-gnu/libnss_compat-2.15.so
7faaa0845000-7faaa0870000 r-xp 00000000 08:05 661131                     /usr/lib/jvm/java-7-openjdk-amd64/jre/lib/amd64/libjava.so
7faaa0870000-7faaa0a6f000 ---p 0002b000 08:05 661131                     /usr/lib/jvm/java-7-openjdk-amd64/jre/lib/amd64/libjava.so
7faaa0a6f000-7faaa0a70000 r--p 0002a000 08:05 661131                     /usr/lib/jvm/java-7-openjdk-amd64/jre/lib/amd64/libjava.so
7faaa0a70000-7faaa0a72000 rw-p 0002b000 08:05 661131                     /usr/lib/jvm/java-7-openjdk-amd64/jre/lib/amd64/libjava.so
7faaa0a72000-7faaa0a81000 r-xp 00000000 08:05 661130                     /usr/lib/jvm/java-7-openjdk-amd64/jre/lib/amd64/libverify.so
7faaa0a81000-7faaa0c80000 ---p 0000f000 08:05 661130                     /usr/lib/jvm/java-7-openjdk-amd64/jre/lib/amd64/libverify.so
7faaa0c80000-7faaa0c82000 r--p 0000e000 08:05 661130                     /usr/lib/jvm/java-7-openjdk-amd64/jre/lib/amd64/libverify.so
7faaa0c82000-7faaa0c83000 rw-p 00010000 08:05 661130                     /usr/lib/jvm/java-7-openjdk-amd64/jre/lib/amd64/libverify.so
7faaa0c83000-7faaa0c8a000 r-xp 00000000 08:05 1194802                    /lib/x86_64-linux-gnu/librt-2.15.so
7faaa0c8a000-7faaa0e89000 ---p 00007000 08:05 1194802                    /lib/x86_64-linux-gnu/librt-2.15.so
7faaa0e89000-7faaa0e8a000 r--p 00006000 08:05 1194802                    /lib/x86_64-linux-gnu/librt-2.15.so
7faaa0e8a000-7faaa0e8b000 rw-p 00007000 08:05 1194802                    /lib/x86_64-linux-gnu/librt-2.15.so
7faaa0e8b000-7faaa0ea0000 r-xp 00000000 08:05 1183598                    /lib/x86_64-linux-gnu/libgcc_s.so.1
7faaa0ea0000-7faaa109f000 ---p 00015000 08:05 1183598                    /lib/x86_64-linux-gnu/libgcc_s.so.1
7faaa109f000-7faaa10a0000 r--p 00014000 08:05 1183598                    /lib/x86_64-linux-gnu/libgcc_s.so.1
7faaa10a0000-7faaa10a1000 rw-p 00015000 08:05 1183598                    /lib/x86_64-linux-gnu/libgcc_s.so.1
7faaa10a1000-7faaa119c000 r-xp 00000000 08:05 1199891                    /lib/x86_64-linux-gnu/libm-2.15.so
7faaa119c000-7faaa139b000 ---p 000fb000 08:05 1199891                    /lib/x86_64-linux-gnu/libm-2.15.so
7faaa139b000-7faaa139c000 r--p 000fa000 08:05 1199891                    /lib/x86_64-linux-gnu/libm-2.15.so
7faaa139c000-7faaa139d000 rw-p 000fb000 08:05 1199891                    /lib/x86_64-linux-gnu/libm-2.15.so
7faaa139d000-7faaa1482000 r-xp 00000000 08:05 665721                     /usr/lib/x86_64-linux-gnu/libstdc++.so.6.0.17
7faaa1482000-7faaa1681000 ---p 000e5000 08:05 665721                     /usr/lib/x86_64-linux-gnu/libstdc++.so.6.0.17
7faaa1681000-7faaa1689000 r--p 000e4000 08:05 665721                     /usr/lib/x86_64-linux-gnu/libstdc++.so.6.0.17
7faaa1689000-7faaa168b000 rw-p 000ec000 08:05 665721                     /usr/lib/x86_64-linux-gnu/libstdc++.so.6.0.17
7faaa168b000-7faaa16a0000 rw-p 00000000 00:00 0 
7faaa16a0000-7faaa209b000 r-xp 00000000 08:05 661135                     /usr/lib/jvm/java-7-openjdk-amd64/jre/lib/amd64/server/libjvm.so
7faaa209b000-7faaa229a000 ---p 009fb000 08:05 661135                     /usr/lib/jvm/java-7-openjdk-amd64/jre/lib/amd64/server/libjvm.so
7faaa229a000-7faaa2319000 r--p 009fa000 08:05 661135                     /usr/lib/jvm/java-7-openjdk-amd64/jre/lib/amd64/server/libjvm.so
7faaa2319000-7faaa233c000 rw-p 00a79000 08:05 661135                     /usr/lib/jvm/java-7-openjdk-amd64/jre/lib/amd64/server/libjvm.so
7faaa233c000-7faaa2367000 rw-p 00000000 00:00 0 
7faaa2367000-7faaa237d000 r-xp 00000000 08:05 1183707                    /lib/x86_64-linux-gnu/libz.so.1.2.7
7faaa237d000-7faaa257c000 ---p 00016000 08:05 1183707                    /lib/x86_64-linux-gnu/libz.so.1.2.7
7faaa257c000-7faaa257d000 r--p 00015000 08:05 1183707                    /lib/x86_64-linux-gnu/libz.so.1.2.7
7faaa257d000-7faaa257e000 rw-p 00016000 08:05 1183707                    /lib/x86_64-linux-gnu/libz.so.1.2.7
7faaa257e000-7faaa2596000 r-xp 00000000 08:05 1194417                    /lib/x86_64-linux-gnu/libpthread-2.15.so
7faaa2596000-7faaa2795000 ---p 00018000 08:05 1194417                    /lib/x86_64-linux-gnu/libpthread-2.15.so
7faaa2795000-7faaa2796000 r--p 00017000 08:05 1194417                    /lib/x86_64-linux-gnu/libpthread-2.15.so
7faaa2796000-7faaa2797000 rw-p 00018000 08:05 1194417                    /lib/x86_64-linux-gnu/libpthread-2.15.so
7faaa2797000-7faaa279b000 rw-p 00000000 00:00 0 
7faaa279b000-7faaa279d000 r-xp 00000000 08:05 1205189                    /lib/x86_64-linux-gnu/libdl-2.15.so
7faaa279d000-7faaa299d000 ---p 00002000 08:05 1205189                    /lib/x86_64-linux-gnu/libdl-2.15.so
7faaa299d000-7faaa299e000 r--p 00002000 08:05 1205189                    /lib/x86_64-linux-gnu/libdl-2.15.so
7faaa299e000-7faaa299f000 rw-p 00003000 08:05 1205189                    /lib/x86_64-linux-gnu/libdl-2.15.so
7faaa299f000-7faaa2b54000 r-xp 00000000 08:05 1205191                    /lib/x86_64-linux-gnu/libc-2.15.so
7faaa2b54000-7faaa2d53000 ---p 001b5000 08:05 1205191                    /lib/x86_64-linux-gnu/libc-2.15.so
7faaa2d53000-7faaa2d57000 r--p 001b4000 08:05 1205191                    /lib/x86_64-linux-gnu/libc-2.15.so
7faaa2d57000-7faaa2d59000 rw-p 001b8000 08:05 1205191                    /lib/x86_64-linux-gnu/libc-2.15.so
7faaa2d59000-7faaa2d5e000 rw-p 00000000 00:00 0 
7faaa2d7f000-7faaa2d8c000 r-xp 00000000 08:05 661114                     /usr/lib/jvm/java-7-openjdk-amd64/jre/lib/amd64/jli/libjli.so
7faaa2d8c000-7faaa2f8b000 ---p 0000d000 08:05 661114                     /usr/lib/jvm/java-7-openjdk-amd64/jre/lib/amd64/jli/libjli.so
7faaa2f8b000-7faaa2f8c000 r--p 0000c000 08:05 661114                     /usr/lib/jvm/java-7-openjdk-amd64/jre/lib/amd64/jli/libjli.so
7faaa2f8c000-7faaa2f8d000 rw-p 0000d000 08:05 661114                     /usr/lib/jvm/java-7-openjdk-amd64/jre/lib/amd64/jli/libjli.so
7faaa2f8d000-7faaa2faf000 r-xp 00000000 08:05 1195102                    /lib/x86_64-linux-gnu/ld-2.15.so
7faaa2fb5000-7faaa2fe7000 rw-p 00000000 00:00 0 
7faaa2fe7000-7faaa309d000 rw-p 00000000 00:00 0 
7faaa309d000-7faaa30a5000 rw-s 00000000 08:05 527341                     /tmp/hsperfdata_ponken/6670
7faaa30a5000-7faaa30a6000 rw-p 00000000 00:00 0 
7faaa30a6000-7faaa30a7000 r--p 00000000 00:00 0 
7faaa30a7000-7faaa30aa000 ---p 00000000 00:00 0 
7faaa30aa000-7faaa31af000 rw-p 00000000 00:00 0                          [stack:6675]
7faaa31af000-7faaa31b0000 r--p 00022000 08:05 1195102                    /lib/x86_64-linux-gnu/ld-2.15.so
7faaa31b0000-7faaa31b2000 rw-p 00023000 08:05 1195102                    /lib/x86_64-linux-gnu/ld-2.15.so
7ffffc38f000-7ffffc3b0000 rw-p 00000000 00:00 0                          [stack]
7ffffc3f6000-7ffffc3f7000 r-xp 00000000 00:00 0                          [vdso]
ffffffffff600000-ffffffffff601000 r-xp 00000000 00:00 0                  [vsyscall]

VM Arguments:
jvm_args: -Dfile.encoding=UTF-8 -Xbootclasspath:/home/ponken/Work/eclipse_adt/sdk/platforms/android-17/android.jar 
java_command: de.fu_berlin.maniac.network_manager.TopologyInfo
Launcher Type: SUN_STANDARD

Environment Variables:
CLASSPATH=/usr/local/psql_jdbc/postgresql-9.1-903.jdbc4.jar:/usr/bin:$CLASSPATH
PATH=/home/ponken/bin:/usr/local/sbin:/usr/local/bin:/usr/sbin:/usr/bin:/sbin:/bin:/usr/games:/usr/local/games:/usr/local/go/bin:/usr/local/Sublime Text 2:/usr/local/OwnPgr
USERNAME=ponken
SHELL=/bin/bash
DISPLAY=:0.0

Signal Handlers:
SIGSEGV: [libjvm.so+0x8574b0], sa_mask[0]=0x7ffbfeff, sa_flags=0x10000004
SIGBUS: [libjvm.so+0x8574b0], sa_mask[0]=0x7ffbfeff, sa_flags=0x10000004
SIGFPE: [libjvm.so+0x6f8200], sa_mask[0]=0x7ffbfeff, sa_flags=0x10000004
SIGPIPE: [libjvm.so+0x6f8200], sa_mask[0]=0x7ffbfeff, sa_flags=0x10000004
SIGXFSZ: [libjvm.so+0x6f8200], sa_mask[0]=0x7ffbfeff, sa_flags=0x10000004
SIGILL: [libjvm.so+0x6f8200], sa_mask[0]=0x7ffbfeff, sa_flags=0x10000004
SIGUSR1: SIG_DFL, sa_mask[0]=0x00000000, sa_flags=0x00000000
SIGUSR2: [libjvm.so+0x6f85d0], sa_mask[0]=0x00000004, sa_flags=0x10000004
SIGHUP: SIG_DFL, sa_mask[0]=0x00000000, sa_flags=0x00000000
SIGINT: SIG_DFL, sa_mask[0]=0x00000000, sa_flags=0x00000000
SIGTERM: SIG_DFL, sa_mask[0]=0x00000000, sa_flags=0x00000000
SIGQUIT: SIG_DFL, sa_mask[0]=0x00000000, sa_flags=0x00000000


---------------  S Y S T E M  ---------------

OS:LinuxMint 14 (nadia)
uname:Linux 3.5.0-17-generic #28-Ubuntu SMP Tue Oct 9 19:31:23 UTC 2012 x86_64
libc:glibc 2.15 NPTL 2.15 
rlimit: STACK 8192k, CORE 0k, NPROC 61354, NOFILE 4096, AS infinity
load average:0.56 0.21 0.18

/proc/meminfo:
MemTotal:        7871792 kB
MemFree:         4412780 kB
Buffers:           90948 kB
Cached:          1494760 kB
SwapCached:            0 kB
Active:          2106064 kB
Inactive:        1137080 kB
Active(anon):    1666204 kB
Inactive(anon):    75760 kB
Active(file):     439860 kB
Inactive(file):  1061320 kB
Unevictable:           0 kB
Mlocked:               0 kB
SwapTotal:       8077308 kB
SwapFree:        8077308 kB
Dirty:                28 kB
Writeback:             0 kB
AnonPages:       1657496 kB
Mapped:           162564 kB
Shmem:             84860 kB
Slab:             100056 kB
SReclaimable:      69860 kB
SUnreclaim:        30196 kB
KernelStack:        3560 kB
PageTables:        25928 kB
NFS_Unstable:          0 kB
Bounce:                0 kB
WritebackTmp:          0 kB
CommitLimit:    12013204 kB
Committed_AS:    3801776 kB
VmallocTotal:   34359738367 kB
VmallocUsed:      369364 kB
VmallocChunk:   34359357056 kB
HardwareCorrupted:     0 kB
AnonHugePages:         0 kB
HugePages_Total:       0
HugePages_Free:        0
HugePages_Rsvd:        0
HugePages_Surp:        0
Hugepagesize:       2048 kB
DirectMap4k:       64704 kB
DirectMap2M:     6967296 kB


CPU:total 8 (4 cores per cpu, 2 threads per core) family 6 model 58 stepping 9, cmov, cx8, fxsr, mmx, sse, sse2, sse3, ssse3, sse4.1, sse4.2, popcnt, avx, ht, tsc, tscinvbit, tscinv

/proc/cpuinfo:
processor	: 0
vendor_id	: GenuineIntel
cpu family	: 6
model		: 58
model name	: Intel(R) Core(TM) i7-3630QM CPU @ 2.40GHz
stepping	: 9
microcode	: 0x16
cpu MHz		: 1200.000
cache size	: 6144 KB
physical id	: 0
siblings	: 8
core id		: 0
cpu cores	: 4
apicid		: 0
initial apicid	: 0
fpu		: yes
fpu_exception	: yes
cpuid level	: 13
wp		: yes
flags		: fpu vme de pse tsc msr pae mce cx8 apic sep mtrr pge mca cmov pat pse36 clflush dts acpi mmx fxsr sse sse2 ss ht tm pbe syscall nx rdtscp lm constant_tsc arch_perfmon pebs bts rep_good nopl xtopology nonstop_tsc aperfmperf pni pclmulqdq dtes64 monitor ds_cpl vmx est tm2 ssse3 cx16 xtpr pdcm pcid sse4_1 sse4_2 x2apic popcnt tsc_deadline_timer aes xsave avx f16c rdrand lahf_lm ida arat epb xsaveopt pln pts dtherm tpr_shadow vnmi flexpriority ept vpid fsgsbase smep erms
bogomips	: 4789.08
clflush size	: 64
cache_alignment	: 64
address sizes	: 36 bits physical, 48 bits virtual
power management:

processor	: 1
vendor_id	: GenuineIntel
cpu family	: 6
model		: 58
model name	: Intel(R) Core(TM) i7-3630QM CPU @ 2.40GHz
stepping	: 9
microcode	: 0x16
cpu MHz		: 1200.000
cache size	: 6144 KB
physical id	: 0
siblings	: 8
core id		: 0
cpu cores	: 4
apicid		: 1
initial apicid	: 1
fpu		: yes
fpu_exception	: yes
cpuid level	: 13
wp		: yes
flags		: fpu vme de pse tsc msr pae mce cx8 apic sep mtrr pge mca cmov pat pse36 clflush dts acpi mmx fxsr sse sse2 ss ht tm pbe syscall nx rdtscp lm constant_tsc arch_perfmon pebs bts rep_good nopl xtopology nonstop_tsc aperfmperf pni pclmulqdq dtes64 monitor ds_cpl vmx est tm2 ssse3 cx16 xtpr pdcm pcid sse4_1 sse4_2 x2apic popcnt tsc_deadline_timer aes xsave avx f16c rdrand lahf_lm ida arat epb xsaveopt pln pts dtherm tpr_shadow vnmi flexpriority ept vpid fsgsbase smep erms
bogomips	: 4789.08
clflush size	: 64
cache_alignment	: 64
address sizes	: 36 bits physical, 48 bits virtual
power management:

processor	: 2
vendor_id	: GenuineIntel
cpu family	: 6
model		: 58
model name	: Intel(R) Core(TM) i7-3630QM CPU @ 2.40GHz
stepping	: 9
microcode	: 0x16
cpu MHz		: 1200.000
cache size	: 6144 KB
physical id	: 0
siblings	: 8
core id		: 1
cpu cores	: 4
apicid		: 2
initial apicid	: 2
fpu		: yes
fpu_exception	: yes
cpuid level	: 13
wp		: yes
flags		: fpu vme de pse tsc msr pae mce cx8 apic sep mtrr pge mca cmov pat pse36 clflush dts acpi mmx fxsr sse sse2 ss ht tm pbe syscall nx rdtscp lm constant_tsc arch_perfmon pebs bts rep_good nopl xtopology nonstop_tsc aperfmperf pni pclmulqdq dtes64 monitor ds_cpl vmx est tm2 ssse3 cx16 xtpr pdcm pcid sse4_1 sse4_2 x2apic popcnt tsc_deadline_timer aes xsave avx f16c rdrand lahf_lm ida arat epb xsaveopt pln pts dtherm tpr_shadow vnmi flexpriority ept vpid fsgsbase smep erms
bogomips	: 4789.08
clflush size	: 64
cache_alignment	: 64
address sizes	: 36 bits physical, 48 bits virtual
power management:

processor	: 3
vendor_id	: GenuineIntel
cpu family	: 6
model		: 58
model name	: Intel(R) Core(TM) i7-3630QM CPU @ 2.40GHz
stepping	: 9
microcode	: 0x16
cpu MHz		: 1200.000
cache size	: 6144 KB
physical id	: 0
siblings	: 8
core id		: 1
cpu cores	: 4
apicid		: 3
initial apicid	: 3
fpu		: yes
fpu_exception	: yes
cpuid level	: 13
wp		: yes
flags		: fpu vme de pse tsc msr pae mce cx8 apic sep mtrr pge mca cmov pat pse36 clflush dts acpi mmx fxsr sse sse2 ss ht tm pbe syscall nx rdtscp lm constant_tsc arch_perfmon pebs bts rep_good nopl xtopology nonstop_tsc aperfmperf pni pclmulqdq dtes64 monitor ds_cpl vmx est tm2 ssse3 cx16 xtpr pdcm pcid sse4_1 sse4_2 x2apic popcnt tsc_deadline_timer aes xsave avx f16c rdrand lahf_lm ida arat epb xsaveopt pln pts dtherm tpr_shadow vnmi flexpriority ept vpid fsgsbase smep erms
bogomips	: 4789.08
clflush size	: 64
cache_alignment	: 64
address sizes	: 36 bits physical, 48 bits virtual
power management:

processor	: 4
vendor_id	: GenuineIntel
cpu family	: 6
model		: 58
model name	: Intel(R) Core(TM) i7-3630QM CPU @ 2.40GHz
stepping	: 9
microcode	: 0x16
cpu MHz		: 1200.000
cache size	: 6144 KB
physical id	: 0
siblings	: 8
core id		: 2
cpu cores	: 4
apicid		: 4
initial apicid	: 4
fpu		: yes
fpu_exception	: yes
cpuid level	: 13
wp		: yes
flags		: fpu vme de pse tsc msr pae mce cx8 apic sep mtrr pge mca cmov pat pse36 clflush dts acpi mmx fxsr sse sse2 ss ht tm pbe syscall nx rdtscp lm constant_tsc arch_perfmon pebs bts rep_good nopl xtopology nonstop_tsc aperfmperf pni pclmulqdq dtes64 monitor ds_cpl vmx est tm2 ssse3 cx16 xtpr pdcm pcid sse4_1 sse4_2 x2apic popcnt tsc_deadline_timer aes xsave avx f16c rdrand lahf_lm ida arat epb xsaveopt pln pts dtherm tpr_shadow vnmi flexpriority ept vpid fsgsbase smep erms
bogomips	: 4789.08
clflush size	: 64
cache_alignment	: 64
address sizes	: 36 bits physical, 48 bits virtual
power management:

processor	: 5
vendor_id	: GenuineIntel
cpu family	: 6
model		: 58
model name	: Intel(R) Core(TM) i7-3630QM CPU @ 2.40GHz
stepping	: 9
microcode	: 0x16
cpu MHz		: 1200.000
cache size	: 6144 KB
physical id	: 0
siblings	: 8
core id		: 2
cpu cores	: 4
apicid		: 5
initial apicid	: 5
fpu		: yes
fpu_exception	: yes
cpuid level	: 13
wp		: yes
flags		: fpu vme de pse tsc msr pae mce cx8 apic sep mtrr pge mca cmov pat pse36 clflush dts acpi mmx fxsr sse sse2 ss ht tm pbe syscall nx rdtscp lm constant_tsc arch_perfmon pebs bts rep_good nopl xtopology nonstop_tsc aperfmperf pni pclmulqdq dtes64 monitor ds_cpl vmx est tm2 ssse3 cx16 xtpr pdcm pcid sse4_1 sse4_2 x2apic popcnt tsc_deadline_timer aes xsave avx f16c rdrand lahf_lm ida arat epb xsaveopt pln pts dtherm tpr_shadow vnmi flexpriority ept vpid fsgsbase smep erms
bogomips	: 4789.08
clflush size	: 64
cache_alignment	: 64
address sizes	: 36 bits physical, 48 bits virtual
power management:

processor	: 6
vendor_id	: GenuineIntel
cpu family	: 6
model		: 58
model name	: Intel(R) Core(TM) i7-3630QM CPU @ 2.40GHz
stepping	: 9
microcode	: 0x16
cpu MHz		: 1200.000
cache size	: 6144 KB
physical id	: 0
siblings	: 8
core id		: 3
cpu cores	: 4
apicid		: 6
initial apicid	: 6
fpu		: yes
fpu_exception	: yes
cpuid level	: 13
wp		: yes
flags		: fpu vme de pse tsc msr pae mce cx8 apic sep mtrr pge mca cmov pat pse36 clflush dts acpi mmx fxsr sse sse2 ss ht tm pbe syscall nx rdtscp lm constant_tsc arch_perfmon pebs bts rep_good nopl xtopology nonstop_tsc aperfmperf pni pclmulqdq dtes64 monitor ds_cpl vmx est tm2 ssse3 cx16 xtpr pdcm pcid sse4_1 sse4_2 x2apic popcnt tsc_deadline_timer aes xsave avx f16c rdrand lahf_lm ida arat epb xsaveopt pln pts dtherm tpr_shadow vnmi flexpriority ept vpid fsgsbase smep erms
bogomips	: 4789.08
clflush size	: 64
cache_alignment	: 64
address sizes	: 36 bits physical, 48 bits virtual
power management:

processor	: 7
vendor_id	: GenuineIntel
cpu family	: 6
model		: 58
model name	: Intel(R) Core(TM) i7-3630QM CPU @ 2.40GHz
stepping	: 9
microcode	: 0x16
cpu MHz		: 1200.000
cache size	: 6144 KB
physical id	: 0
siblings	: 8
core id		: 3
cpu cores	: 4
apicid		: 7
initial apicid	: 7
fpu		: yes
fpu_exception	: yes
cpuid level	: 13
wp		: yes
flags		: fpu vme de pse tsc msr pae mce cx8 apic sep mtrr pge mca cmov pat pse36 clflush dts acpi mmx fxsr sse sse2 ss ht tm pbe syscall nx rdtscp lm constant_tsc arch_perfmon pebs bts rep_good nopl xtopology nonstop_tsc aperfmperf pni pclmulqdq dtes64 monitor ds_cpl vmx est tm2 ssse3 cx16 xtpr pdcm pcid sse4_1 sse4_2 x2apic popcnt tsc_deadline_timer aes xsave avx f16c rdrand lahf_lm ida arat epb xsaveopt pln pts dtherm tpr_shadow vnmi flexpriority ept vpid fsgsbase smep erms
bogomips	: 4789.08
clflush size	: 64
cache_alignment	: 64
address sizes	: 36 bits physical, 48 bits virtual
power management:



Memory: 4k page, physical 7871792k(4412780k free), swap 8077308k(8077308k free)

vm_info: OpenJDK 64-Bit Server VM (23.7-b01) for linux-amd64 JRE (1.7.0_21-b02), built on Apr 22 2013 22:26:19 by "buildd" with gcc 4.7.2

time: Fri Jun 21 14:28:36 2013
elapsed time: 0 seconds

